{"uid":"cd5ee24263336db1","name":"clickButtonClick()","fullName":"test.suite5.interaction.pages.VaadinButtonInteractionTest.clickButtonClick","historyId":"352d08aedb5deaa3303744f6c314d880","time":{"start":1764978980700,"stop":1764978993689,"duration":12989},"description":"","status":"failed","statusMessage":"Invalid element state [by text: Click]: element click intercepted: Element <span class=\"v-button-caption\">...</span> is not clickable at point (759, 504). Other element would receive the click: <div tabindex=\"0\" role=\"button\" class=\"v-button v-widget\">...</div>\r\nScreenshot: file:/D:/Estudos/Faculdade/ISCTE/3º%20Ano%20-%20Semestre%201/Engenharia%20de%20Software/Labs/Lab5/build/reports/tests/1764978993491.0.png\r\nPage source: file:/D:/Estudos/Faculdade/ISCTE/3º%20Ano%20-%20Semestre%201/Engenharia%20de%20Software/Labs/Lab5/build/reports/tests/1764978993491.0.html\r\nTimeout: 8 s.\r\nCaused by: ElementClickInterceptedException: element click intercepted: Element <span class=\"v-button-caption\">...</span> is not clickable at point (759, 504). Other element would receive the click: <div tabindex=\"0\" role=\"button\" class=\"v-button v-widget\">...</div>","statusTrace":"Invalid element state [by text: Click]: element click intercepted: Element <span class=\"v-button-caption\">...</span> is not clickable at point (759, 504). Other element would receive the click: <div tabindex=\"0\" role=\"button\" class=\"v-button v-widget\">...</div>\r\nScreenshot: file:/D:/Estudos/Faculdade/ISCTE/3º%20Ano%20-%20Semestre%201/Engenharia%20de%20Software/Labs/Lab5/build/reports/tests/1764978993491.0.png\r\nPage source: file:/D:/Estudos/Faculdade/ISCTE/3º%20Ano%20-%20Semestre%201/Engenharia%20de%20Software/Labs/Lab5/build/reports/tests/1764978993491.0.html\r\nTimeout: 8 s.\r\nCaused by: ElementClickInterceptedException: element click intercepted: Element <span class=\"v-button-caption\">...</span> is not clickable at point (759, 504). Other element would receive the click: <div tabindex=\"0\" role=\"button\" class=\"v-button v-widget\">...</div>\r\n\tat com.codeborne.selenide.impl.ExceptionWrapper.wrap(ExceptionWrapper.java:19)\r\n\tat com.codeborne.selenide.impl.SelenideElementProxy.dispatchAndRetry(SelenideElementProxy.java:153)\r\n\tat com.codeborne.selenide.impl.SelenideElementProxy.invoke(SelenideElementProxy.java:83)\r\n\tat jdk.proxy1/jdk.proxy1.$Proxy11.click(Unknown Source)\r\n\tat test.suite5.interaction.pages.VaadinButtonInteractionTest.clickButtonClick(VaadinButtonInteractionTest.java:23)\r\n\tat java.base/java.lang.reflect.Method.invoke(Method.java:565)\r\n\tat java.base/java.util.ArrayList.forEach(ArrayList.java:1604)\r\n\tat java.base/java.util.ArrayList.forEach(ArrayList.java:1604)\r\nCaused by: org.openqa.selenium.ElementClickInterceptedException: element click intercepted: Element <span class=\"v-button-caption\">...</span> is not clickable at point (759, 504). Other element would receive the click: <div tabindex=\"0\" role=\"button\" class=\"v-button v-widget\">...</div>\n  (Session info: chrome=142.0.7444.176)\nBuild info: version: '4.26.0', revision: '8ccf0219d7'\nSystem info: os.name: 'Windows 10', os.arch: 'amd64', os.version: '10.0', java.version: '25.0.1'\nDriver info: org.openqa.selenium.chrome.ChromeDriver\nCommand: [34302b1589f6d3cea92687ab66385fc1, clickElement {id=f.875103C483091862D951C353840B3280.d.50DFFF9A2FCAF670B3C35D1E50A0E2D4.e.22}]\nCapabilities {acceptInsecureCerts: true, browserName: chrome, browserVersion: 142.0.7444.176, chrome: {chromedriverVersion: 142.0.7444.175 (302067f14a4..., userDataDir: C:\\Users\\migue\\AppData\\Loca...}, fedcm:accounts: true, goog:chromeOptions: {debuggerAddress: localhost:53358}, goog:processID: 14716, networkConnectionEnabled: false, pageLoadStrategy: normal, platformName: windows, proxy: Proxy(), se:cdp: ws://localhost:53358/devtoo..., se:cdpVersion: 142.0.7444.176, setWindowRect: true, strictFileInteractability: false, timeouts: {implicit: 0, pageLoad: 300000, script: 30000}, unhandledPromptBehavior: accept, webauthn:extension:credBlob: true, webauthn:extension:largeBlob: true, webauthn:extension:minPinLength: true, webauthn:extension:prf: true, webauthn:virtualAuthenticators: true}\nElement: [[ChromeDriver: chrome on windows (34302b1589f6d3cea92687ab66385fc1)] -> xpath: .//*/text()[normalize-space(translate(string(.), '\t\n\r             ​‌‍  ⁠　', '                       ')) = \"Click\"]/parent::*]\nSession ID: 34302b1589f6d3cea92687ab66385fc1\r\n\tat java.base/jdk.internal.reflect.DirectConstructorHandleAccessor.newInstance(DirectConstructorHandleAccessor.java:62)\r\n\tat java.base/java.lang.reflect.Constructor.newInstanceWithCaller(Constructor.java:499)\r\n\tat java.base/java.lang.reflect.Constructor.newInstance(Constructor.java:483)\r\n\tat org.openqa.selenium.remote.ErrorCodec.decode(ErrorCodec.java:167)\r\n\tat org.openqa.selenium.remote.codec.w3c.W3CHttpResponseCodec.decode(W3CHttpResponseCodec.java:138)\r\n\tat org.openqa.selenium.remote.codec.w3c.W3CHttpResponseCodec.decode(W3CHttpResponseCodec.java:50)\r\n\tat org.openqa.selenium.remote.HttpCommandExecutor.execute(HttpCommandExecutor.java:190)\r\n\tat org.openqa.selenium.remote.service.DriverCommandExecutor.invokeExecute(DriverCommandExecutor.java:216)\r\n\tat org.openqa.selenium.remote.service.DriverCommandExecutor.execute(DriverCommandExecutor.java:174)\r\n\tat org.openqa.selenium.remote.RemoteWebDriver.execute(RemoteWebDriver.java:545)\r\n\tat org.openqa.selenium.remote.RemoteWebElement.execute(RemoteWebElement.java:223)\r\n\tat org.openqa.selenium.remote.RemoteWebElement.click(RemoteWebElement.java:76)\r\n\tat com.codeborne.selenide.commands.Click.defaultClick(Click.java:94)\r\n\tat com.codeborne.selenide.commands.Click.doClick(Click.java:72)\r\n\tat com.codeborne.selenide.commands.Click.click(Click.java:48)\r\n\tat com.codeborne.selenide.commands.Click.execute(Click.java:28)\r\n\tat com.codeborne.selenide.FluentCommand.execute(FluentCommand.java:23)\r\n\tat com.codeborne.selenide.FluentCommand.execute(FluentCommand.java:19)\r\n\tat com.codeborne.selenide.commands.Commands.execute(Commands.java:159)\r\n\tat com.codeborne.selenide.impl.SelenideElementProxy.dispatchAndRetry(SelenideElementProxy.java:131)\r\n\t... 6 more\r\n","flaky":false,"newFailed":false,"newBroken":false,"newPassed":false,"retriesCount":0,"retriesStatusChange":false,"beforeStages":[],"afterStages":[],"labels":[{"name":"junit.platform.uniqueid","value":"[engine:junit-jupiter]/[class:test.suite5.interaction.pages.VaadinButtonInteractionTest]/[method:clickButtonClick()]"},{"name":"host","value":"DESKTOP-8VVV8JT"},{"name":"thread","value":"11000@DESKTOP-8VVV8JT.main(3)"},{"name":"framework","value":"junit-platform"},{"name":"language","value":"java"},{"name":"package","value":"test.suite5.interaction.pages.VaadinButtonInteractionTest"},{"name":"testClass","value":"test.suite5.interaction.pages.VaadinButtonInteractionTest"},{"name":"testMethod","value":"clickButtonClick"},{"name":"suite","value":"test.suite5.interaction.pages.VaadinButtonInteractionTest"},{"name":"resultFormat","value":"allure2"}],"parameters":[],"links":[],"hidden":true,"retry":true,"extra":{"categories":[],"tags":[]},"source":"cd5ee24263336db1.json","parameterValues":[]}