{"uid":"c65d36727cef3e92","name":"accessTextField()","fullName":"lab5.SamplerDataInputTest.accessTextField","historyId":"e1bfe37e75fcfb72170f43d82602e60d","time":{"start":1765019177286,"stop":1765019190518,"duration":13232},"description":"","status":"failed","statusMessage":"Element not found {input.v-textfield.findBy(visible)}\r\nExpected: visible\r\nScreenshot: file:/C:/Users/crvma/IdeaProjects/Lab5ES/build/reports/tests/1765019190319.0.png\r\nPage source: file:/C:/Users/crvma/IdeaProjects/Lab5ES/build/reports/tests/1765019190319.0.html\r\nTimeout: 8 s.\r\nCaused by: NoSuchElementException: Cannot locate an element input.v-textfield.findBy(visible)","statusTrace":"Element not found {input.v-textfield.findBy(visible)}\r\nExpected: visible\r\nScreenshot: file:/C:/Users/crvma/IdeaProjects/Lab5ES/build/reports/tests/1765019190319.0.png\r\nPage source: file:/C:/Users/crvma/IdeaProjects/Lab5ES/build/reports/tests/1765019190319.0.html\r\nTimeout: 8 s.\r\nCaused by: NoSuchElementException: Cannot locate an element input.v-textfield.findBy(visible)\r\n\tat com.codeborne.selenide.impl.WebElementSource.createElementNotFoundError(WebElementSource.java:68)\r\n\tat com.codeborne.selenide.impl.WebElementSource.handleError(WebElementSource.java:119)\r\n\tat com.codeborne.selenide.impl.WebElementSource.checkConditionAndReturnElement(WebElementSource.java:102)\r\n\tat com.codeborne.selenide.impl.WebElementSource.checkCondition(WebElementSource.java:78)\r\n\tat com.codeborne.selenide.commands.Should.execute(Should.java:24)\r\n\tat com.codeborne.selenide.FluentCommand.execute(FluentCommand.java:23)\r\n\tat com.codeborne.selenide.FluentCommand.execute(FluentCommand.java:19)\r\n\tat com.codeborne.selenide.commands.Commands.execute(Commands.java:159)\r\n\tat com.codeborne.selenide.impl.SelenideElementProxy.dispatchAndRetry(SelenideElementProxy.java:131)\r\n\tat com.codeborne.selenide.impl.SelenideElementProxy.invoke(SelenideElementProxy.java:83)\r\n\tat jdk.proxy1/jdk.proxy1.$Proxy11.shouldBe(Unknown Source)\r\n\tat lab5.SamplerDataInputTest.accessTextField(SamplerDataInputTest.java:33)\r\n\tat java.base/java.lang.reflect.Method.invoke(Method.java:565)\r\n\tat java.base/java.util.ArrayList.forEach(ArrayList.java:1604)\r\n\tat java.base/java.util.ArrayList.forEach(ArrayList.java:1604)\r\nCaused by: org.openqa.selenium.NoSuchElementException: Cannot locate an element input.v-textfield.findBy(visible)\nFor documentation on this error, please visit: https://www.selenium.dev/documentation/webdriver/troubleshooting/errors#no-such-element-exception\nBuild info: version: '4.26.0', revision: '8ccf0219d7'\nSystem info: os.name: 'Windows 11', os.arch: 'amd64', os.version: '10.0', java.version: '25.0.1'\nDriver info: driver.version: unknown\r\n\tat com.codeborne.selenide.impl.CollectionElementByCondition.getWebElement(CollectionElementByCondition.java:45)\r\n\tat com.codeborne.selenide.impl.WebElementSource.checkConditionAndReturnElement(WebElementSource.java:91)\r\n\t... 12 more\r\n","flaky":false,"newFailed":false,"newBroken":false,"newPassed":false,"retriesCount":0,"retriesStatusChange":false,"beforeStages":[],"afterStages":[],"labels":[{"name":"junit.platform.uniqueid","value":"[engine:junit-jupiter]/[class:lab5.SamplerDataInputTest]/[method:accessTextField()]"},{"name":"host","value":"crv-pct"},{"name":"thread","value":"19408@crv-pct.main(3)"},{"name":"framework","value":"junit-platform"},{"name":"language","value":"java"},{"name":"package","value":"lab5.SamplerDataInputTest"},{"name":"testClass","value":"lab5.SamplerDataInputTest"},{"name":"testMethod","value":"accessTextField"},{"name":"suite","value":"lab5.SamplerDataInputTest"},{"name":"resultFormat","value":"allure2"}],"parameters":[],"links":[],"hidden":true,"retry":true,"extra":{"categories":[],"tags":[]},"source":"c65d36727cef3e92.json","parameterValues":[]}